<?xml version="1.0" encoding="UTF-8"?>
<!-- Generated by org.testng.reporters.JUnitReportReporter -->
<testsuite skipped="0" hostname="LAPTOP-5166L7NM" name="Academy.validateNavigationBar" tests="1" failures="0" timestamp="2020-02-15T20:44:10 IST" time="0.057" errors="0">
  <testcase name="navigationBar" time="0.057" classname="Academy.validateNavigationBar"/>
</testsuite> <!-- Academy.validateNavigationBar -->
